{
  "RSpec": {
    "coverage": {
      "/Users/etdennis/Desktop/code/ninjackd/app/models/user.rb": [
        1,
        null,
        null,
        1,
        null,
        null,
        1,
        1,
        1,
        1,
        1,
        1,
        1,
        1,
        1,
        null,
        1,
        null,
        1,
        1,
        null,
        1,
        0,
        0,
        null,
        null,
        null,
        null,
        null,
        0,
        0,
        0,
        null,
        null,
        1,
        0,
        0,
        null,
        null,
        null,
        null,
        null,
        null,
        null,
        null,
        null,
        null,
        null,
        0,
        0,
        null,
        null,
        null
      ],
      "/Users/etdennis/Desktop/code/ninjackd/app/helpers/application_helper.rb": [
        1,
        null
      ],
      "/Users/etdennis/Desktop/code/ninjackd/app/helpers/comments_helper.rb": [
        1,
        null
      ],
      "/Users/etdennis/Desktop/code/ninjackd/app/helpers/dailytips_helper.rb": [
        1,
        null
      ],
      "/Users/etdennis/Desktop/code/ninjackd/app/helpers/exercises_helper.rb": [
        1,
        null
      ],
      "/Users/etdennis/Desktop/code/ninjackd/app/helpers/histories_helper.rb": [
        1,
        null
      ],
      "/Users/etdennis/Desktop/code/ninjackd/app/helpers/likes_helper.rb": [
        1,
        null
      ],
      "/Users/etdennis/Desktop/code/ninjackd/app/helpers/pages_helper.rb": [
        1,
        null
      ],
      "/Users/etdennis/Desktop/code/ninjackd/app/helpers/pastusers_helper.rb": [
        1,
        null
      ],
      "/Users/etdennis/Desktop/code/ninjackd/app/helpers/subscriptions_helper.rb": [
        1,
        null
      ],
      "/Users/etdennis/Desktop/code/ninjackd/app/helpers/subweeks_helper.rb": [
        1,
        null
      ],
      "/Users/etdennis/Desktop/code/ninjackd/app/helpers/userreviews_helper.rb": [
        1,
        null
      ],
      "/Users/etdennis/Desktop/code/ninjackd/app/helpers/warmups_helper.rb": [
        1,
        null
      ],
      "/Users/etdennis/Desktop/code/ninjackd/app/helpers/warmworks_helper.rb": [
        1,
        null
      ],
      "/Users/etdennis/Desktop/code/ninjackd/app/helpers/weeklybits_helper.rb": [
        1,
        null
      ],
      "/Users/etdennis/Desktop/code/ninjackd/app/helpers/weeklyplans_helper.rb": [
        1,
        null
      ],
      "/Users/etdennis/Desktop/code/ninjackd/app/helpers/will_paginate_helper.rb": [
        1,
        1,
        1,
        0,
        0,
        0,
        null,
        null,
        1,
        1,
        0,
        0,
        0,
        null,
        0,
        0,
        null,
        null,
        null,
        1,
        0,
        null,
        null
      ],
      "/Users/etdennis/Desktop/code/ninjackd/app/helpers/workoutbits_helper.rb": [
        1,
        null
      ],
      "/Users/etdennis/Desktop/code/ninjackd/app/helpers/workouts_helper.rb": [
        1,
        null
      ],
      "/Users/etdennis/Desktop/code/ninjackd/app/controllers/comments_controller.rb": [
        1,
        1,
        null,
        1,
        0,
        null,
        null,
        1,
        null,
        null,
        1,
        0,
        null,
        null,
        1,
        null,
        null,
        1,
        5,
        5,
        5,
        6,
        3,
        null,
        4,
        2,
        null,
        null,
        null,
        null,
        1,
        0,
        0,
        0,
        0,
        0,
        null,
        0,
        0,
        null,
        null,
        null,
        null,
        1,
        3,
        3,
        6,
        3,
        null,
        null,
        null,
        1,
        1,
        3,
        null,
        null,
        1,
        5,
        null,
        null
      ],
      "/Users/etdennis/Desktop/code/ninjackd/app/controllers/application_controller.rb": [
        1,
        null,
        null,
        1,
        null,
        1,
        null,
        1,
        1,
        28,
        28,
        28,
        28,
        28,
        28,
        28,
        28,
        28,
        28,
        28,
        null,
        null,
        null
      ],
      "/Users/etdennis/Desktop/code/ninjackd/app/controllers/subscriptions_controller.rb": [
        1,
        1,
        null,
        1,
        0,
        null,
        null,
        1,
        null,
        null,
        1,
        0,
        null,
        null,
        1,
        null,
        null,
        1,
        2,
        2,
        2,
        2,
        2,
        2,
        null,
        null,
        1,
        5,
        null,
        5,
        3,
        null,
        3,
        3,
        6,
        3,
        null,
        0,
        0,
        null,
        null,
        null,
        2,
        1,
        null,
        0,
        null,
        1,
        null,
        2,
        null,
        null,
        null,
        null,
        1,
        0,
        0,
        0,
        0,
        0,
        null,
        0,
        0,
        null,
        null,
        null,
        null,
        1,
        0,
        0,
        0,
        0,
        null,
        null,
        null,
        1,
        1,
        0,
        null,
        null,
        1,
        3,
        null,
        null
      ],
      "/Users/etdennis/Desktop/code/ninjackd/app/controllers/warmups_controller.rb": [
        1,
        1,
        null,
        1,
        0,
        null,
        null,
        1,
        null,
        null,
        1,
        2,
        null,
        null,
        1,
        null,
        null,
        1,
        3,
        3,
        3,
        6,
        3,
        null,
        0,
        0,
        null,
        null,
        null,
        null,
        1,
        0,
        0,
        0,
        0,
        0,
        null,
        0,
        0,
        null,
        null,
        null,
        null,
        1,
        0,
        0,
        0,
        0,
        null,
        null,
        null,
        1,
        1,
        2,
        null,
        null,
        1,
        3,
        null,
        null
      ],
      "/Users/etdennis/Desktop/code/ninjackd/app/controllers/warmworks_controller.rb": [
        1,
        1,
        null,
        1,
        0,
        null,
        null,
        1,
        null,
        null,
        1,
        0,
        null,
        null,
        1,
        null,
        null,
        1,
        2,
        2,
        2,
        2,
        4,
        2,
        null,
        0,
        0,
        null,
        null,
        null,
        null,
        1,
        0,
        0,
        0,
        0,
        0,
        null,
        0,
        0,
        null,
        null,
        null,
        null,
        1,
        1,
        1,
        2,
        1,
        null,
        null,
        null,
        1,
        1,
        1,
        null,
        null,
        1,
        2,
        null,
        null
      ],
      "/Users/etdennis/Desktop/code/ninjackd/app/controllers/workouts_controller.rb": [
        1,
        1,
        null,
        1,
        21,
        21,
        21,
        31,
        31,
        null,
        null,
        null,
        21,
        21,
        21,
        21,
        21,
        21,
        21,
        null,
        null,
        1,
        0,
        0,
        0,
        0,
        0,
        0,
        0,
        null,
        null,
        1,
        0,
        0,
        0,
        0,
        0,
        null,
        0,
        null,
        0,
        0,
        0,
        null,
        0,
        0,
        null,
        null,
        null,
        1,
        0,
        0,
        0,
        0,
        0,
        0,
        0,
        null,
        0,
        0,
        0,
        null,
        0,
        0,
        null,
        null,
        null,
        1,
        0,
        0,
        0,
        0,
        null,
        0,
        0,
        0,
        0,
        0,
        0,
        null,
        null,
        1,
        15,
        15,
        15,
        4,
        null,
        null,
        15,
        15,
        15,
        3,
        null,
        null,
        15,
        15,
        null,
        null,
        null,
        1,
        0,
        0,
        0,
        0,
        0,
        0,
        0,
        0,
        0,
        0,
        0,
        0,
        0,
        0,
        0,
        0,
        0,
        0,
        0,
        0,
        0,
        0,
        null,
        null,
        null,
        0,
        null,
        0,
        0,
        0,
        0,
        null,
        null,
        1,
        0,
        0,
        0,
        0,
        0,
        0,
        null,
        null,
        0,
        0,
        null,
        0,
        null,
        0,
        0,
        0,
        0,
        0,
        0,
        0,
        0,
        null,
        0,
        0,
        null,
        null,
        null,
        null,
        1,
        0,
        0,
        0,
        0,
        null,
        0,
        0,
        0,
        0,
        null,
        null,
        null,
        1,
        0,
        null,
        null,
        1,
        0,
        0,
        0,
        0,
        0,
        null,
        0,
        0,
        null,
        null,
        null,
        null,
        1,
        0,
        0,
        0,
        0,
        0,
        null,
        0,
        0,
        null,
        null,
        null,
        null,
        null,
        1,
        0,
        0,
        0,
        0,
        null,
        null,
        null,
        1,
        1,
        15,
        null,
        null,
        1,
        null,
        0,
        null,
        null,
        null
      ],
      "/Users/etdennis/Desktop/code/ninjackd/app/models/comment.rb": [
        1,
        1,
        1,
        1,
        null
      ],
      "/Users/etdennis/Desktop/code/ninjackd/app/models/dailytip.rb": [
        1,
        1,
        null
      ],
      "/Users/etdennis/Desktop/code/ninjackd/app/models/exercise.rb": [
        1,
        1,
        1,
        null,
        1,
        1,
        1,
        null,
        1,
        2,
        null,
        1,
        2,
        null,
        null,
        null
      ],
      "/Users/etdennis/Desktop/code/ninjackd/app/models/history.rb": [
        1,
        1,
        1,
        1,
        null
      ],
      "/Users/etdennis/Desktop/code/ninjackd/app/models/like.rb": [
        1,
        1,
        1,
        1,
        null
      ],
      "/Users/etdennis/Desktop/code/ninjackd/app/models/pastuser.rb": [
        1,
        null
      ],
      "/Users/etdennis/Desktop/code/ninjackd/app/models/subscription.rb": [
        1,
        1,
        1,
        1,
        1,
        null,
        null,
        8,
        1,
        1,
        null,
        1,
        7,
        0,
        null,
        null,
        null
      ],
      "/Users/etdennis/Desktop/code/ninjackd/app/models/userreview.rb": [
        1,
        1,
        null
      ],
      "/Users/etdennis/Desktop/code/ninjackd/app/models/warmup.rb": [
        1,
        1,
        1,
        null
      ],
      "/Users/etdennis/Desktop/code/ninjackd/app/models/warmwork.rb": [
        1,
        1,
        1,
        1,
        1,
        1,
        null
      ],
      "/Users/etdennis/Desktop/code/ninjackd/app/models/weeklybit.rb": [
        1,
        1,
        1,
        1,
        null,
        1,
        0,
        0,
        0,
        0,
        0,
        null,
        null,
        null,
        null
      ],
      "/Users/etdennis/Desktop/code/ninjackd/app/models/weeklyplan.rb": [
        1,
        1,
        1,
        1,
        1,
        null,
        1,
        0,
        0,
        0,
        0,
        0,
        0,
        0,
        0,
        0,
        null,
        0,
        0,
        0,
        0,
        0,
        0,
        null,
        null,
        0,
        null,
        null,
        null,
        null
      ],
      "/Users/etdennis/Desktop/code/ninjackd/app/models/workout.rb": [
        1,
        1,
        1,
        1,
        null,
        1,
        1,
        1,
        null,
        1,
        1,
        1,
        null,
        1,
        1,
        1,
        1,
        1,
        1,
        null,
        null,
        1,
        null,
        null,
        4,
        1,
        4,
        1,
        null,
        1,
        3,
        null,
        null,
        null
      ],
      "/Users/etdennis/Desktop/code/ninjackd/app/models/workoutbit.rb": [
        1,
        1,
        1,
        1,
        null,
        1,
        1,
        null
      ],
      "/Users/etdennis/Desktop/code/ninjackd/app/controllers/pages_controller.rb": [
        1,
        1,
        50,
        null,
        null,
        1,
        null,
        null,
        1,
        0,
        null,
        null,
        null,
        null,
        null,
        null,
        0,
        0,
        0,
        null,
        0,
        null,
        null,
        null,
        1,
        0,
        0,
        null,
        0,
        null,
        null,
        null,
        0,
        0,
        0,
        0,
        0,
        0,
        0,
        0,
        0,
        0,
        null,
        null,
        1,
        0,
        null,
        0,
        0,
        0,
        0,
        null,
        0,
        0,
        0,
        null,
        0,
        0,
        null,
        null,
        1,
        null,
        0,
        0,
        0,
        0,
        0,
        0,
        null,
        null,
        0,
        null,
        null,
        null,
        null,
        null,
        null,
        null,
        null,
        null,
        null,
        null,
        null,
        null,
        null,
        null,
        0,
        0,
        0,
        null,
        null,
        0,
        null,
        0,
        0,
        null,
        0,
        null,
        0,
        null,
        null,
        null,
        null
      ],
      "/Users/etdennis/Desktop/code/ninjackd/app/controllers/workoutbits_controller.rb": [
        1,
        1,
        null,
        1,
        0,
        null,
        null,
        1,
        null,
        null,
        1,
        0,
        null,
        null,
        1,
        null,
        null,
        1,
        1,
        null,
        1,
        1,
        1,
        2,
        1,
        null,
        0,
        0,
        null,
        null,
        null,
        null,
        1,
        0,
        0,
        0,
        0,
        0,
        null,
        0,
        0,
        null,
        null,
        null,
        null,
        1,
        0,
        0,
        0,
        0,
        null,
        null,
        null,
        1,
        1,
        0,
        null,
        null,
        1,
        null,
        2,
        null,
        null
      ],
      "/Users/etdennis/Desktop/code/ninjackd/app/controllers/exercises_controller.rb": [
        1,
        1,
        null,
        1,
        14,
        14,
        14,
        null,
        null,
        1,
        null,
        null,
        1,
        1,
        null,
        null,
        1,
        null,
        null,
        1,
        1,
        1,
        1,
        2,
        1,
        null,
        0,
        0,
        null,
        null,
        null,
        null,
        1,
        1,
        1,
        1,
        2,
        1,
        null,
        0,
        0,
        null,
        null,
        null,
        null,
        1,
        0,
        0,
        0,
        0,
        null,
        null,
        null,
        1,
        1,
        4,
        null,
        null,
        1,
        2,
        null,
        null
      ],
      "/Users/etdennis/Desktop/code/ninjackd/app/controllers/histories_controller.rb": [
        1,
        1,
        null,
        1,
        0,
        null,
        null,
        1,
        null,
        null,
        1,
        0,
        null,
        null,
        1,
        1,
        1,
        1,
        1,
        null,
        1,
        1,
        null,
        1,
        0,
        0,
        0,
        0,
        null,
        1,
        1,
        null,
        1,
        1,
        null,
        1,
        null,
        null,
        1,
        1,
        1,
        1,
        null,
        1,
        1,
        1,
        1,
        1,
        1,
        1,
        null,
        null,
        1,
        1,
        1,
        1,
        null,
        null,
        1,
        null,
        null,
        1,
        0,
        0,
        0,
        0,
        0,
        null,
        0,
        0,
        null,
        null,
        null,
        null,
        1,
        0,
        0,
        0,
        0,
        0,
        null,
        0,
        0,
        null,
        null,
        null,
        null,
        1,
        0,
        0,
        0,
        0,
        null,
        null,
        null,
        1,
        1,
        0,
        null,
        null,
        1,
        0,
        null,
        null
      ]
    },
    "timestamp": 1423583485
  }
}
